Arguments: 
  C:\Program Files\nodejs\node.exe C:\Users\Mitchell\AppData\Roaming\npm\node_modules\yarn\bin\yarn.js start

PATH: 
  C:\Users\Mitchell\AppData\Local\Programs\Python\Python39\Scripts\;C:\Users\Mitchell\AppData\Local\Programs\Python\Python39\;C:\Program Files (x86)\Common Files\Oracle\Java\javapath;C:\Windows\system32;C:\Windows;C:\Windows\System32\Wbem;C:\Windows\System32\WindowsPowerShell\v1.0\;C:\Windows\System32\OpenSSH\;C:\Program Files\Intel\WiFi\bin\;C:\Program Files\Common Files\Intel\WirelessCommon\;C:\Program Files\AMD\StoreMI\ECmd;C:\Program Files (x86)\NVIDIA Corporation\PhysX\Common;C:\Program Files\NVIDIA Corporation\NVIDIA NvDLISR;C:\Program Files\Git\cmd;C:\Program Files\nodejs\;C:\ProgramData\chocolatey\bin;;%SystemRoot%\system32;%SystemRoot%;%SystemRoot%\System32\Wbem;%SYSTEMROOT%\System32\WindowsPowerShell\v1.0\;%SYSTEMROOT%\System32\OpenSSH\;C:\Users\Mitchell\AppData\Local\Microsoft\WindowsApps;C:\Program Files\Intel\WiFi\bin\;C:\Program Files\Common Files\Intel\WirelessCommon\;C:\Users\Mitchell\AppData\Local\Box\Box Edit\;C:\Program Files\JetBrains\PyCharm 2020.3\bin;;C:\Users\Mitchell\AppData\Local\Programs\Microsoft VS Code\bin;C:\Users\Mitchell\AppData\Roaming\npm;C:\Users\Mitchell\Desktop\Programming\SQLite\sqlite-tools-win32-x86-3340100;C:\Users\Mitchell\AppData\Local\GitHubDesktop\bin

Yarn version: 
  1.22.10

Node version: 
  14.15.4

Platform: 
  win32 x64

Trace: 
  SyntaxError: C:\Users\Mitchell\Desktop\Programming\Javascript\portfolio\portfolio\package.json: Unexpected string in JSON at position 163
      at JSON.parse (<anonymous>)
      at C:\Users\Mitchell\AppData\Roaming\npm\node_modules\yarn\lib\cli.js:1625:59
      at Generator.next (<anonymous>)
      at step (C:\Users\Mitchell\AppData\Roaming\npm\node_modules\yarn\lib\cli.js:310:30)
      at C:\Users\Mitchell\AppData\Roaming\npm\node_modules\yarn\lib\cli.js:321:13

npm manifest: 
  {
      "name": "parcel-static",
      "version": "1.0.0",
      "main": "index.js",
      "license": "MIT",
      "scripts": {
          "start": "parcel index.html"
          "build": "parcel build index.html --public-url ./"
      }
  }

yarn manifest: 
  No manifest

Lockfile: 
  No lockfile
